<?xml version="1.0" encoding="UTF-8"?>
<robot generator="Robot 5.0.1 (Python 3.11.0 on win32)" generated="20250331 11:13:30.723" rpa="false" schemaversion="3">
<suite id="s1" name="Login Tests Copy" source="C:\Users\ivo.francovig\OneDrive - NEORIS\Desktop\Robot Framework 102\Clase 3 - Codigos de ejecución\Framework Clase 3 - Ejemplos de codigos de ejecución\Tests\login_tests_copy.robot">
<test id="s1-t1" name="Try" line="3">
<kw name="Log To Console" library="BuiltIn">
<arg>${BASE_URL}</arg>
<doc>Logs the given message to the console.</doc>
<status status="PASS" starttime="20250331 11:13:30.780" endtime="20250331 11:13:30.781"/>
</kw>
<kw name="Log To Console" library="BuiltIn">
<arg>${BROWSER}</arg>
<doc>Logs the given message to the console.</doc>
<status status="PASS" starttime="20250331 11:13:30.781" endtime="20250331 11:13:30.781"/>
</kw>
<tag>try</tag>
<status status="PASS" starttime="20250331 11:13:30.779" endtime="20250331 11:13:30.782"/>
</test>
<status status="PASS" starttime="20250331 11:13:30.749" endtime="20250331 11:13:30.783"/>
</suite>
<statistics>
<total>
<stat pass="1" fail="0" skip="0">All Tests</stat>
</total>
<tag>
<stat pass="1" fail="0" skip="0">try</stat>
</tag>
<suite>
<stat pass="1" fail="0" skip="0" id="s1" name="Login Tests Copy">Login Tests Copy</stat>
</suite>
</statistics>
<errors>
</errors>
</robot>
